
  .   ____          _            __ _ _
 /\\ / ___'_ __ _ _(_)_ __  __ _ \ \ \ \
( ( )\___ | '_ | '_| | '_ \/ _` | \ \ \ \
 \\/  ___)| |_)| | | | | || (_| |  ) ) ) )
  '  |____| .__|_| |_|_| |_\__, | / / / /
 =========|_|==============|___/=/_/_/_/

 :: Spring Boot ::                (v3.4.0)

2025-12-05T04:05:24.306-03:00  INFO 8844 --- [microservico-api] [           main] b.c.j.m.m.MicroservicoApiApplication     : Starting MicroservicoApiApplication v0.0.1-SNAPSHOT using Java 17.0.17 with PID 8844 (C:\Projetos\Marnes_microservico-api-main\target\microservico-api-0.0.1-SNAPSHOT.jar started by joaon in C:\Projetos\Marnes_microservico-api-main)
2025-12-05T04:05:24.310-03:00  INFO 8844 --- [microservico-api] [           main] b.c.j.m.m.MicroservicoApiApplication     : No active profile set, falling back to 1 default profile: "default"
2025-12-05T04:05:26.188-03:00  INFO 8844 --- [microservico-api] [           main] .s.d.r.c.RepositoryConfigurationDelegate : Bootstrapping Spring Data JPA repositories in DEFAULT mode.
2025-12-05T04:05:26.327-03:00  INFO 8844 --- [microservico-api] [           main] .s.d.r.c.RepositoryConfigurationDelegate : Finished Spring Data repository scanning in 109 ms. Found 2 JPA repository interfaces.
2025-12-05T04:05:27.775-03:00  INFO 8844 --- [microservico-api] [           main] o.s.b.w.embedded.tomcat.TomcatWebServer  : Tomcat initialized with port 8080 (http)
2025-12-05T04:05:27.817-03:00  INFO 8844 --- [microservico-api] [           main] o.apache.catalina.core.StandardService   : Starting service [Tomcat]
2025-12-05T04:05:27.818-03:00  INFO 8844 --- [microservico-api] [           main] o.apache.catalina.core.StandardEngine    : Starting Servlet engine: [Apache Tomcat/10.1.33]
2025-12-05T04:05:27.941-03:00  INFO 8844 --- [microservico-api] [           main] o.a.c.c.C.[Tomcat].[localhost].[/]       : Initializing Spring embedded WebApplicationContext
2025-12-05T04:05:27.943-03:00  INFO 8844 --- [microservico-api] [           main] w.s.c.ServletWebServerApplicationContext : Root WebApplicationContext: initialization completed in 3553 ms
2025-12-05T04:05:28.005-03:00  INFO 8844 --- [microservico-api] [           main] com.zaxxer.hikari.HikariDataSource       : HikariPool-1 - Starting...
2025-12-05T04:05:28.710-03:00  INFO 8844 --- [microservico-api] [           main] com.zaxxer.hikari.pool.HikariPool        : HikariPool-1 - Added connection conn0: url=jdbc:h2:mem:madeiradb user=SA
2025-12-05T04:05:28.719-03:00  INFO 8844 --- [microservico-api] [           main] com.zaxxer.hikari.HikariDataSource       : HikariPool-1 - Start completed.
2025-12-05T04:05:28.741-03:00  INFO 8844 --- [microservico-api] [           main] o.s.b.a.h2.H2ConsoleAutoConfiguration    : H2 console available at '/h2-console'. Database available at 'jdbc:h2:mem:madeiradb'
2025-12-05T04:05:29.276-03:00  INFO 8844 --- [microservico-api] [           main] o.hibernate.jpa.internal.util.LogHelper  : HHH000204: Processing PersistenceUnitInfo [name: default]
2025-12-05T04:05:29.447-03:00  INFO 8844 --- [microservico-api] [           main] org.hibernate.Version                    : HHH000412: Hibernate ORM core version 6.6.2.Final
2025-12-05T04:05:29.630-03:00  INFO 8844 --- [microservico-api] [           main] o.h.c.internal.RegionFactoryInitiator    : HHH000026: Second-level cache disabled
2025-12-05T04:05:30.457-03:00  INFO 8844 --- [microservico-api] [           main] o.s.o.j.p.SpringPersistenceUnitInfo      : No LoadTimeWeaver setup: ignoring JPA class transformer
2025-12-05T04:05:30.710-03:00  WARN 8844 --- [microservico-api] [           main] org.hibernate.orm.deprecation            : HHH90000025: H2Dialect does not need to be specified explicitly using 'hibernate.dialect' (remove the property setting and it will be selected by default)
2025-12-05T04:05:30.813-03:00  INFO 8844 --- [microservico-api] [           main] org.hibernate.orm.connections.pooling    : HHH10001005: Database info:
	Database JDBC URL [Connecting through datasource 'HikariDataSource (HikariPool-1)']
	Database driver: undefined/unknown
	Database version: 2.3.232
	Autocommit mode: undefined/unknown
	Isolation level: undefined/unknown
	Minimum pool size: undefined/unknown
	Maximum pool size: undefined/unknown
2025-12-05T04:05:32.967-03:00  INFO 8844 --- [microservico-api] [           main] o.h.e.t.j.p.i.JtaPlatformInitiator       : HHH000489: No JTA platform available (set 'hibernate.transaction.jta.platform' to enable JTA platform integration)
Hibernate: 
    drop table if exists tb_categorias cascade 
Hibernate: 
    drop table if exists tb_madeiras cascade 
Hibernate: 
    create table tb_categorias (
        id bigint generated by default as identity,
        nome varchar(255) not null unique,
        primary key (id)
    )
Hibernate: 
    create table tb_madeiras (
        categoria_id bigint not null,
        id bigint generated by default as identity,
        cor varchar(30) not null,
        densidade varchar(30) not null,
        nome varchar(50) not null,
        origem varchar(50) not null,
        resistencia varchar(50) not null,
        primary key (id)
    )
Hibernate: 
    alter table if exists tb_madeiras 
       add constraint FKh76rfqyrsmihkwxwdgnt5tx4s 
       foreign key (categoria_id) 
       references tb_categorias
Hibernate: INSERT INTO tb_categorias (id, nome) VALUES (1, 'Natural')
Hibernate: INSERT INTO tb_categorias (id, nome) VALUES (2, 'Processada')
2025-12-05T04:05:33.083-03:00  INFO 8844 --- [microservico-api] [           main] j.LocalContainerEntityManagerFactoryBean : Initialized JPA EntityManagerFactory for persistence unit 'default'
2025-12-05T04:05:34.202-03:00  WARN 8844 --- [microservico-api] [           main] JpaBaseConfiguration$JpaWebConfiguration : spring.jpa.open-in-view is enabled by default. Therefore, database queries may be performed during view rendering. Explicitly configure spring.jpa.open-in-view to disable this warning
2025-12-05T04:05:34.519-03:00 DEBUG 8844 --- [microservico-api] [           main] s.w.s.m.m.a.RequestMappingHandlerMapping : 14 mappings in 'requestMappingHandlerMapping'
2025-12-05T04:05:34.821-03:00 DEBUG 8844 --- [microservico-api] [           main] o.s.w.s.handler.SimpleUrlHandlerMapping  : Patterns [/webjars/**, /**, /swagger-ui*/*swagger-initializer.js, /swagger-ui*/**] in 'resourceHandlerMapping'
2025-12-05T04:05:34.909-03:00 DEBUG 8844 --- [microservico-api] [           main] s.w.s.m.m.a.RequestMappingHandlerAdapter : ControllerAdvice beans: 0 @ModelAttribute, 0 @InitBinder, 1 RequestBodyAdvice, 1 ResponseBodyAdvice
2025-12-05T04:05:35.044-03:00 DEBUG 8844 --- [microservico-api] [           main] .m.m.a.ExceptionHandlerExceptionResolver : ControllerAdvice beans: 2 @ExceptionHandler, 1 ResponseBodyAdvice
2025-12-05T04:05:35.723-03:00  INFO 8844 --- [microservico-api] [           main] o.s.b.w.embedded.tomcat.TomcatWebServer  : Tomcat started on port 8080 (http) with context path '/'
2025-12-05T04:05:35.780-03:00  INFO 8844 --- [microservico-api] [           main] b.c.j.m.m.MicroservicoApiApplication     : Started MicroservicoApiApplication in 12.59 seconds (process running for 13.561)
2025-12-05T04:18:06.756-03:00  INFO 8844 --- [microservico-api] [nio-8080-exec-1] o.a.c.c.C.[Tomcat].[localhost].[/]       : Initializing Spring DispatcherServlet 'dispatcherServlet'
2025-12-05T04:18:06.763-03:00  INFO 8844 --- [microservico-api] [nio-8080-exec-1] o.s.web.servlet.DispatcherServlet        : Initializing Servlet 'dispatcherServlet'
2025-12-05T04:18:06.766-03:00 DEBUG 8844 --- [microservico-api] [nio-8080-exec-1] o.s.web.servlet.DispatcherServlet        : Detected StandardServletMultipartResolver
2025-12-05T04:18:06.767-03:00 DEBUG 8844 --- [microservico-api] [nio-8080-exec-1] o.s.web.servlet.DispatcherServlet        : Detected AcceptHeaderLocaleResolver
2025-12-05T04:18:06.768-03:00 DEBUG 8844 --- [microservico-api] [nio-8080-exec-1] o.s.web.servlet.DispatcherServlet        : Detected FixedThemeResolver
2025-12-05T04:18:06.810-03:00 DEBUG 8844 --- [microservico-api] [nio-8080-exec-1] o.s.web.servlet.DispatcherServlet        : Detected org.springframework.web.servlet.view.DefaultRequestToViewNameTranslator@14b9817b
2025-12-05T04:18:06.811-03:00 DEBUG 8844 --- [microservico-api] [nio-8080-exec-1] o.s.web.servlet.DispatcherServlet        : Detected org.springframework.web.servlet.support.SessionFlashMapManager@4e3c0627
2025-12-05T04:18:06.813-03:00 DEBUG 8844 --- [microservico-api] [nio-8080-exec-1] o.s.web.servlet.DispatcherServlet        : enableLoggingRequestDetails='false': request parameters and headers will be masked to prevent unsafe logging of potentially sensitive data
2025-12-05T04:18:06.813-03:00  INFO 8844 --- [microservico-api] [nio-8080-exec-1] o.s.web.servlet.DispatcherServlet        : Completed initialization in 50 ms
2025-12-05T04:18:06.839-03:00 DEBUG 8844 --- [microservico-api] [nio-8080-exec-1] o.s.web.servlet.DispatcherServlet        : GET "/swagger-ui/index.html", parameters={}
2025-12-05T04:18:06.863-03:00 DEBUG 8844 --- [microservico-api] [nio-8080-exec-1] o.s.w.s.handler.SimpleUrlHandlerMapping  : Mapped to ResourceHttpRequestHandler [classpath [META-INF/resources/webjars/]]
2025-12-05T04:18:06.971-03:00 DEBUG 8844 --- [microservico-api] [nio-8080-exec-1] o.s.web.servlet.DispatcherServlet        : Completed 200 OK
2025-12-05T04:18:07.011-03:00 DEBUG 8844 --- [microservico-api] [nio-8080-exec-4] o.s.web.servlet.DispatcherServlet        : GET "/swagger-ui/swagger-initializer.js", parameters={}
2025-12-05T04:18:07.013-03:00 DEBUG 8844 --- [microservico-api] [nio-8080-exec-4] o.s.w.s.handler.SimpleUrlHandlerMapping  : Mapped to ResourceHttpRequestHandler [classpath [META-INF/resources/webjars/]]
2025-12-05T04:18:07.110-03:00 DEBUG 8844 --- [microservico-api] [nio-8080-exec-4] o.s.web.servlet.DispatcherServlet        : Completed 200 OK
2025-12-05T04:18:07.122-03:00 DEBUG 8844 --- [microservico-api] [nio-8080-exec-5] o.s.web.servlet.DispatcherServlet        : GET "/v3/api-docs/swagger-config", parameters={}
2025-12-05T04:18:07.124-03:00 DEBUG 8844 --- [microservico-api] [nio-8080-exec-5] s.w.s.m.m.a.RequestMappingHandlerMapping : Mapped to org.springdoc.webmvc.ui.SwaggerConfigResource#openapiJson(HttpServletRequest)
2025-12-05T04:18:07.159-03:00 DEBUG 8844 --- [microservico-api] [nio-8080-exec-5] m.m.a.RequestResponseBodyMethodProcessor : Using 'application/json', given [*/*] and supported [application/json]
2025-12-05T04:18:07.187-03:00 DEBUG 8844 --- [microservico-api] [nio-8080-exec-5] m.m.a.RequestResponseBodyMethodProcessor : Writing [{configUrl=/v3/api-docs/swagger-config, oauth2RedirectUrl=http://localhost:8080/swagger-ui/oauth2-re (truncated)...]
2025-12-05T04:18:07.195-03:00 DEBUG 8844 --- [microservico-api] [nio-8080-exec-5] o.s.web.servlet.DispatcherServlet        : Completed 200 OK
2025-12-05T04:18:07.201-03:00 DEBUG 8844 --- [microservico-api] [nio-8080-exec-8] o.s.web.servlet.DispatcherServlet        : GET "/v3/api-docs", parameters={}
2025-12-05T04:18:07.202-03:00 DEBUG 8844 --- [microservico-api] [nio-8080-exec-8] s.w.s.m.m.a.RequestMappingHandlerMapping : Mapped to org.springdoc.webmvc.api.OpenApiWebMvcResource#openapiJson(HttpServletRequest, String, Locale)
2025-12-05T04:18:07.631-03:00 DEBUG 8844 --- [microservico-api] [nio-8080-exec-8] .m.m.a.ExceptionHandlerExceptionResolver : Using @ExceptionHandler br.com.joaoneves.marnes.microservico_api.infra.GlobalExceptionHandler#handleGeneralException(Exception)
2025-12-05T04:18:07.638-03:00 DEBUG 8844 --- [microservico-api] [nio-8080-exec-8] o.s.w.s.m.m.a.HttpEntityMethodProcessor  : Using 'application/json', given [application/json, */*] and supported [application/json, application/*+json, application/yaml]
2025-12-05T04:18:07.639-03:00 DEBUG 8844 --- [microservico-api] [nio-8080-exec-8] o.s.w.s.m.m.a.HttpEntityMethodProcessor  : Writing [{detalhe=Handler dispatch failed: java.lang.NoSuchMethodError: 'void org.springframework.web.method. (truncated)...]
2025-12-05T04:18:07.641-03:00 DEBUG 8844 --- [microservico-api] [nio-8080-exec-8] .m.m.a.ExceptionHandlerExceptionResolver : Resolved [jakarta.servlet.ServletException: Handler dispatch failed: java.lang.NoSuchMethodError: 'void org.springframework.web.method.ControllerAdviceBean.<init>(java.lang.Object)']
2025-12-05T04:18:07.642-03:00 DEBUG 8844 --- [microservico-api] [nio-8080-exec-8] o.s.web.servlet.DispatcherServlet        : Completed 500 INTERNAL_SERVER_ERROR
